<?xml version="1.0" encoding="UTF-8"?>
<testng-results skipped="0" failed="0" total="1" passed="1">
  <reporter-output>
  </reporter-output>
  <suite name="Default suite" duration-ms="25942" started-at="2018-02-02T07:58:16Z" finished-at="2018-02-02T07:58:42Z">
    <groups>
    </groups>
    <test name="Default test" duration-ms="25942" started-at="2018-02-02T07:58:16Z" finished-at="2018-02-02T07:58:42Z">
      <class name="com.companyname.test.TestLoginPage">
        <test-method status="PASS" signature="setUp()[pri:0, instance:com.companyname.test.TestLoginPage@61832929]" name="setUp" is-config="true" duration-ms="97272" started-at="2018-02-02T13:26:38Z" finished-at="2018-02-02T13:28:16Z">
          <reporter-output>
          </reporter-output>
        </test-method> <!-- setUp -->
        <test-method status="PASS" signature="testLogin()[pri:0, instance:com.companyname.test.TestLoginPage@61832929]" name="testLogin" duration-ms="25671" started-at="2018-02-02T13:28:16Z" finished-at="2018-02-02T13:28:42Z">
          <reporter-output>
          </reporter-output>
        </test-method> <!-- testLogin -->
      </class> <!-- com.companyname.test.TestLoginPage -->
    </test> <!-- Default test -->
  </suite> <!-- Default suite -->
</testng-results>
