<?xml version="1.0" encoding="UTF-8"?>
<testng-results skipped="0" failed="1" ignored="0" total="1" passed="0">
  <reporter-output>
  </reporter-output>
  <suite name="Suite" duration-ms="70615" started-at="2017-08-22T11:26:45Z" finished-at="2017-08-22T11:27:56Z">
    <groups>
    </groups>
    <test name="Test" duration-ms="70615" started-at="2017-08-22T11:26:45Z" finished-at="2017-08-22T11:27:56Z">
      <class name="com.manpreetsingh.MyMavenproject.Sampleclass">
        <test-method status="FAIL" signature="m1()[pri:0, instance:com.manpreetsingh.MyMavenproject.Sampleclass@ae45eb6]" name="m1" duration-ms="70184" started-at="2017-08-22T16:56:45Z" finished-at="2017-08-22T16:57:56Z">
          <exception class="org.openqa.selenium.WebDriverException">
            <message>
              <![CDATA[Failed to connect to binary FirefoxBinary(C:\Program Files (x86)\Mozilla Firefox\firefox.exe) on port 7055; process output follows: 
ryComponents":false,"strictCompatibility":false,"locales":[],"targetApplications":[{"id":"{ec8030f7-c20a-464f-9b0e-13a3a9e97384}","minVersion":"45.0","maxVersion":"45.*"},{"id":"xpcshell@tests.mozilla.org","minVersion":"0","maxVersion":"10"}],"targetPlatforms":[],"multiprocessCompatible":false,"seen":true}
1503401235479	addons.xpi	DEBUG	getModTime: Recursive scan of loop@mozilla.org
1503401235481	addons.xpi	DEBUG	Updating XPIState for {"id":"{972ce4c6-7e08-4474-a285-3208198ce6fd}","syncGUID":"pMuzS7Sy-j7M","location":"app-global","version":"45.0.2","type":"theme","internalName":"classic/1.0","updateURL":null,"updateKey":null,"optionsURL":null,"optionsType":null,"aboutURL":null,"icons":{"32":"icon.png","48":"icon.png"},"iconURL":null,"icon64URL":null,"defaultLocale":{"name":"Default","description":"The default theme.","creator":"Mozilla","homepageURL":null,"contributors":["Mozilla Contributors"]},"visible":true,"active":true,"userDisabled":false,"appDisabled":false,"descriptor":"C:\\Program Files (x86)\\Mozilla Firefox\\browser\\extensions\\{972ce4c6-7e08-4474-a285-3208198ce6fd}.xpi","installDate":1460085042000,"updateDate":1460085042000,"applyBackgroundUpdates":1,"skinnable":true,"size":22012,"sourceURI":null,"releaseNotesURI":null,"softDisabled":false,"foreignInstall":false,"hasBinaryComponents":false,"strictCompatibility":true,"locales":[],"targetApplications":[{"id":"{ec8030f7-c20a-464f-9b0e-13a3a9e97384}","minVersion":"45.0.2","maxVersion":"45.0.2"}],"targetPlatforms":[],"seen":true}
1503401235481	addons.xpi	DEBUG	getModTime: Recursive scan of {972ce4c6-7e08-4474-a285-3208198ce6fd}
1503401235484	DeferredSave.extensions.json	DEBUG	Save changes
1503401235484	addons.xpi	DEBUG	Updating database with changes to installed add-ons
1503401235484	addons.xpi-utils	DEBUG	Updating add-on states
1503401235487	addons.xpi-utils	DEBUG	Writing add-ons list
1503401235496	addons.xpi	DEBUG	Registering manifest for C:\Program Files (x86)\Mozilla Firefox\browser\features\loop@mozilla.org.xpi
1503401235500	addons.xpi	DEBUG	Calling bootstrap method startup on loop@mozilla.org version 1.1.14
1503401235565	addons.manager	DEBUG	Starting provider: <unnamed-provider>
1503401235566	addons.manager	DEBUG	Registering shutdown blocker for <unnamed-provider>
1503401235567	addons.manager	DEBUG	Provider finished startup: <unnamed-provider>
1503401235697	addons.manager	DEBUG	Registering shutdown blocker for XPIProvider
1503401235698	addons.manager	DEBUG	Provider finished startup: XPIProvider
1503401235698	addons.manager	DEBUG	Starting provider: LightweightThemeManager
1503401235698	addons.manager	DEBUG	Registering shutdown blocker for LightweightThemeManager
1503401235699	addons.manager	DEBUG	Provider finished startup: LightweightThemeManager
1503401235700	addons.manager	DEBUG	Starting provider: GMPProvider
1503401235740	addons.manager	DEBUG	Registering shutdown blocker for GMPProvider
1503401235741	addons.manager	DEBUG	Provider finished startup: GMPProvider
1503401235741	addons.manager	DEBUG	Starting provider: PluginProvider
1503401235741	addons.manager	DEBUG	Registering shutdown blocker for PluginProvider
1503401235742	addons.manager	DEBUG	Provider finished startup: PluginProvider
1503401235743	addons.manager	DEBUG	Completed startup sequence
1503401241652	DeferredSave.extensions.json	DEBUG	Starting write
1503401245772	addons.repository	DEBUG	No addons.json found.
1503401245885	DeferredSave.addons.json	DEBUG	Save changes
1503401245976	DeferredSave.addons.json	DEBUG	Starting timer
1503401253545	addons.manager	DEBUG	Starting provider: PreviousExperimentProvider
1503401253546	addons.manager	DEBUG	Registering shutdown blocker for PreviousExperimentProvider
1503401253546	addons.manager	DEBUG	Provider finished startup: PreviousExperimentProvider
1503401253558	DeferredSave.extensions.json	DEBUG	Write succeeded
1503401253560	addons.xpi-utils	DEBUG	XPI Database saved, setting schema version preference to 17
1503401253562	DeferredSave.addons.json	DEBUG	Starting write
1503401256680	DeferredSave.addons.json	DEBUG	Write succeeded

Build info: version: '2.53.1', revision: 'a36b8b1', time: '2016-06-30 17:37:03'
System info: host: 'MANPREET-PC', ip: '192.168.43.254', os.name: 'Windows 8.1', os.arch: 'amd64', os.version: '6.3', java.version: '1.8.0_111'
Driver info: driver.version: FirefoxDriver]]>
            </message>
            <full-stacktrace>
              <![CDATA[org.openqa.selenium.WebDriverException: Failed to connect to binary FirefoxBinary(C:\Program Files (x86)\Mozilla Firefox\firefox.exe) on port 7055; process output follows: 
ryComponents":false,"strictCompatibility":false,"locales":[],"targetApplications":[{"id":"{ec8030f7-c20a-464f-9b0e-13a3a9e97384}","minVersion":"45.0","maxVersion":"45.*"},{"id":"xpcshell@tests.mozilla.org","minVersion":"0","maxVersion":"10"}],"targetPlatforms":[],"multiprocessCompatible":false,"seen":true}
1503401235479	addons.xpi	DEBUG	getModTime: Recursive scan of loop@mozilla.org
1503401235481	addons.xpi	DEBUG	Updating XPIState for {"id":"{972ce4c6-7e08-4474-a285-3208198ce6fd}","syncGUID":"pMuzS7Sy-j7M","location":"app-global","version":"45.0.2","type":"theme","internalName":"classic/1.0","updateURL":null,"updateKey":null,"optionsURL":null,"optionsType":null,"aboutURL":null,"icons":{"32":"icon.png","48":"icon.png"},"iconURL":null,"icon64URL":null,"defaultLocale":{"name":"Default","description":"The default theme.","creator":"Mozilla","homepageURL":null,"contributors":["Mozilla Contributors"]},"visible":true,"active":true,"userDisabled":false,"appDisabled":false,"descriptor":"C:\\Program Files (x86)\\Mozilla Firefox\\browser\\extensions\\{972ce4c6-7e08-4474-a285-3208198ce6fd}.xpi","installDate":1460085042000,"updateDate":1460085042000,"applyBackgroundUpdates":1,"skinnable":true,"size":22012,"sourceURI":null,"releaseNotesURI":null,"softDisabled":false,"foreignInstall":false,"hasBinaryComponents":false,"strictCompatibility":true,"locales":[],"targetApplications":[{"id":"{ec8030f7-c20a-464f-9b0e-13a3a9e97384}","minVersion":"45.0.2","maxVersion":"45.0.2"}],"targetPlatforms":[],"seen":true}
1503401235481	addons.xpi	DEBUG	getModTime: Recursive scan of {972ce4c6-7e08-4474-a285-3208198ce6fd}
1503401235484	DeferredSave.extensions.json	DEBUG	Save changes
1503401235484	addons.xpi	DEBUG	Updating database with changes to installed add-ons
1503401235484	addons.xpi-utils	DEBUG	Updating add-on states
1503401235487	addons.xpi-utils	DEBUG	Writing add-ons list
1503401235496	addons.xpi	DEBUG	Registering manifest for C:\Program Files (x86)\Mozilla Firefox\browser\features\loop@mozilla.org.xpi
1503401235500	addons.xpi	DEBUG	Calling bootstrap method startup on loop@mozilla.org version 1.1.14
1503401235565	addons.manager	DEBUG	Starting provider: <unnamed-provider>
1503401235566	addons.manager	DEBUG	Registering shutdown blocker for <unnamed-provider>
1503401235567	addons.manager	DEBUG	Provider finished startup: <unnamed-provider>
1503401235697	addons.manager	DEBUG	Registering shutdown blocker for XPIProvider
1503401235698	addons.manager	DEBUG	Provider finished startup: XPIProvider
1503401235698	addons.manager	DEBUG	Starting provider: LightweightThemeManager
1503401235698	addons.manager	DEBUG	Registering shutdown blocker for LightweightThemeManager
1503401235699	addons.manager	DEBUG	Provider finished startup: LightweightThemeManager
1503401235700	addons.manager	DEBUG	Starting provider: GMPProvider
1503401235740	addons.manager	DEBUG	Registering shutdown blocker for GMPProvider
1503401235741	addons.manager	DEBUG	Provider finished startup: GMPProvider
1503401235741	addons.manager	DEBUG	Starting provider: PluginProvider
1503401235741	addons.manager	DEBUG	Registering shutdown blocker for PluginProvider
1503401235742	addons.manager	DEBUG	Provider finished startup: PluginProvider
1503401235743	addons.manager	DEBUG	Completed startup sequence
1503401241652	DeferredSave.extensions.json	DEBUG	Starting write
1503401245772	addons.repository	DEBUG	No addons.json found.
1503401245885	DeferredSave.addons.json	DEBUG	Save changes
1503401245976	DeferredSave.addons.json	DEBUG	Starting timer
1503401253545	addons.manager	DEBUG	Starting provider: PreviousExperimentProvider
1503401253546	addons.manager	DEBUG	Registering shutdown blocker for PreviousExperimentProvider
1503401253546	addons.manager	DEBUG	Provider finished startup: PreviousExperimentProvider
1503401253558	DeferredSave.extensions.json	DEBUG	Write succeeded
1503401253560	addons.xpi-utils	DEBUG	XPI Database saved, setting schema version preference to 17
1503401253562	DeferredSave.addons.json	DEBUG	Starting write
1503401256680	DeferredSave.addons.json	DEBUG	Write succeeded

Build info: version: '2.53.1', revision: 'a36b8b1', time: '2016-06-30 17:37:03'
System info: host: 'MANPREET-PC', ip: '192.168.43.254', os.name: 'Windows 8.1', os.arch: 'amd64', os.version: '6.3', java.version: '1.8.0_111'
Driver info: driver.version: FirefoxDriver
	at org.openqa.selenium.firefox.internal.NewProfileExtensionConnection.start(NewProfileExtensionConnection.java:124)
	at org.openqa.selenium.firefox.FirefoxDriver.startClient(FirefoxDriver.java:271)
	at org.openqa.selenium.remote.RemoteWebDriver.<init>(RemoteWebDriver.java:119)
	at org.openqa.selenium.firefox.FirefoxDriver.<init>(FirefoxDriver.java:218)
	at org.openqa.selenium.firefox.FirefoxDriver.<init>(FirefoxDriver.java:211)
	at org.openqa.selenium.firefox.FirefoxDriver.<init>(FirefoxDriver.java:207)
	at org.openqa.selenium.firefox.FirefoxDriver.<init>(FirefoxDriver.java:120)
	at com.manpreetsingh.MyMavenproject.Sampleclass.m1(Sampleclass.java:11)
	at sun.reflect.NativeMethodAccessorImpl.invoke0(Native Method)
	at sun.reflect.NativeMethodAccessorImpl.invoke(NativeMethodAccessorImpl.java:62)
	at sun.reflect.DelegatingMethodAccessorImpl.invoke(DelegatingMethodAccessorImpl.java:43)
	at java.lang.reflect.Method.invoke(Method.java:498)
	at org.testng.internal.MethodInvocationHelper.invokeMethod(MethodInvocationHelper.java:108)
	at org.testng.internal.Invoker.invokeMethod(Invoker.java:661)
	at org.testng.internal.Invoker.invokeTestMethod(Invoker.java:869)
	at org.testng.internal.Invoker.invokeTestMethods(Invoker.java:1193)
	at org.testng.internal.TestMethodWorker.invokeTestMethods(TestMethodWorker.java:126)
	at org.testng.internal.TestMethodWorker.run(TestMethodWorker.java:109)
	at org.testng.TestRunner.privateRun(TestRunner.java:744)
	at org.testng.TestRunner.run(TestRunner.java:602)
	at org.testng.SuiteRunner.runTest(SuiteRunner.java:380)
	at org.testng.SuiteRunner.runSequentially(SuiteRunner.java:375)
	at org.testng.SuiteRunner.privateRun(SuiteRunner.java:340)
	at org.testng.SuiteRunner.run(SuiteRunner.java:289)
	at org.testng.SuiteRunnerWorker.runSuite(SuiteRunnerWorker.java:52)
	at org.testng.SuiteRunnerWorker.run(SuiteRunnerWorker.java:86)
	at org.testng.TestNG.runSuitesSequentially(TestNG.java:1301)
	at org.testng.TestNG.runSuitesLocally(TestNG.java:1226)
	at org.testng.TestNG.runSuites(TestNG.java:1144)
	at org.testng.TestNG.run(TestNG.java:1115)
	at org.testng.remote.AbstractRemoteTestNG.run(AbstractRemoteTestNG.java:132)
	at org.testng.remote.RemoteTestNG.initAndRun(RemoteTestNG.java:230)
	at org.testng.remote.RemoteTestNG.main(RemoteTestNG.java:76)
Caused by: org.openqa.selenium.firefox.NotConnectedException: Unable to connect to host 127.0.0.1 on port 7055 after 45000 ms. Firefox console output:
ryComponents":false,"strictCompatibility":false,"locales":[],"targetApplications":[{"id":"{ec8030f7-c20a-464f-9b0e-13a3a9e97384}","minVersion":"45.0","maxVersion":"45.*"},{"id":"xpcshell@tests.mozilla.org","minVersion":"0","maxVersion":"10"}],"targetPlatforms":[],"multiprocessCompatible":false,"seen":true}
1503401235479	addons.xpi	DEBUG	getModTime: Recursive scan of loop@mozilla.org
1503401235481	addons.xpi	DEBUG	Updating XPIState for {"id":"{972ce4c6-7e08-4474-a285-3208198ce6fd}","syncGUID":"pMuzS7Sy-j7M","location":"app-global","version":"45.0.2","type":"theme","internalName":"classic/1.0","updateURL":null,"updateKey":null,"optionsURL":null,"optionsType":null,"aboutURL":null,"icons":{"32":"icon.png","48":"icon.png"},"iconURL":null,"icon64URL":null,"defaultLocale":{"name":"Default","description":"The default theme.","creator":"Mozilla","homepageURL":null,"contributors":["Mozilla Contributors"]},"visible":true,"active":true,"userDisabled":false,"appDisabled":false,"descriptor":"C:\\Program Files (x86)\\Mozilla Firefox\\browser\\extensions\\{972ce4c6-7e08-4474-a285-3208198ce6fd}.xpi","installDate":1460085042000,"updateDate":1460085042000,"applyBackgroundUpdates":1,"skinnable":true,"size":22012,"sourceURI":null,"releaseNotesURI":null,"softDisabled":false,"foreignInstall":false,"hasBinaryComponents":false,"strictCompatibility":true,"locales":[],"targetApplications":[{"id":"{ec8030f7-c20a-464f-9b0e-13a3a9e97384}","minVersion":"45.0.2","maxVersion":"45.0.2"}],"targetPlatforms":[],"seen":true}
1503401235481	addons.xpi	DEBUG	getModTime: Recursive scan of {972ce4c6-7e08-4474-a285-3208198ce6fd}
1503401235484	DeferredSave.extensions.json	DEBUG	Save changes
1503401235484	addons.xpi	DEBUG	Updating database with changes to installed add-ons
1503401235484	addons.xpi-utils	DEBUG	Updating add-on states
1503401235487	addons.xpi-utils	DEBUG	Writing add-ons list
1503401235496	addons.xpi	DEBUG	Registering manifest for C:\Program Files (x86)\Mozilla Firefox\browser\features\loop@mozilla.org.xpi
1503401235500	addons.xpi	DEBUG	Calling bootstrap method startup on loop@mozilla.org version 1.1.14
1503401235565	addons.manager	DEBUG	Starting provider: <unnamed-provider>
1503401235566	addons.manager	DEBUG	Registering shutdown blocker for <unnamed-provider>
1503401235567	addons.manager	DEBUG	Provider finished startup: <unnamed-provider>
1503401235697	addons.manager	DEBUG	Registering shutdown blocker for XPIProvider
1503401235698	addons.manager	DEBUG	Provider finished startup: XPIProvider
1503401235698	addons.manager	DEBUG	Starting provider: LightweightThemeManager
1503401235698	addons.manager	DEBUG	Registering shutdown blocker for LightweightThemeManager
1503401235699	addons.manager	DEBUG	Provider finished startup: LightweightThemeManager
1503401235700	addons.manager	DEBUG	Starting provider: GMPProvider
1503401235740	addons.manager	DEBUG	Registering shutdown blocker for GMPProvider
1503401235741	addons.manager	DEBUG	Provider finished startup: GMPProvider
1503401235741	addons.manager	DEBUG	Starting provider: PluginProvider
1503401235741	addons.manager	DEBUG	Registering shutdown blocker for PluginProvider
1503401235742	addons.manager	DEBUG	Provider finished startup: PluginProvider
1503401235743	addons.manager	DEBUG	Completed startup sequence
1503401241652	DeferredSave.extensions.json	DEBUG	Starting write
1503401245772	addons.repository	DEBUG	No addons.json found.
1503401245885	DeferredSave.addons.json	DEBUG	Save changes
1503401245976	DeferredSave.addons.json	DEBUG	Starting timer
1503401253545	addons.manager	DEBUG	Starting provider: PreviousExperimentProvider
1503401253546	addons.manager	DEBUG	Registering shutdown blocker for PreviousExperimentProvider
1503401253546	addons.manager	DEBUG	Provider finished startup: PreviousExperimentProvider
1503401253558	DeferredSave.extensions.json	DEBUG	Write succeeded
1503401253560	addons.xpi-utils	DEBUG	XPI Database saved, setting schema version preference to 17
1503401253562	DeferredSave.addons.json	DEBUG	Starting write
1503401256680	DeferredSave.addons.json	DEBUG	Write succeeded

	at org.openqa.selenium.firefox.internal.NewProfileExtensionConnection.start(NewProfileExtensionConnection.java:112)
	... 32 more
]]>
            </full-stacktrace>
          </exception> <!-- org.openqa.selenium.WebDriverException -->
          <reporter-output>
          </reporter-output>
        </test-method> <!-- m1 -->
      </class> <!-- com.manpreetsingh.MyMavenproject.Sampleclass -->
    </test> <!-- Test -->
  </suite> <!-- Suite -->
</testng-results>
